t=2024-09-12T18:10:58+0200 lvl=info msg="no configuration paths supplied"
t=2024-09-12T18:10:58+0200 lvl=info msg="using configuration at default config path" path=C:\\Users\\User\\AppData\\Local/ngrok/ngrok.yml
t=2024-09-12T18:10:58+0200 lvl=info msg="open config file" path=C:\\Users\\User\\AppData\\Local\\ngrok\\ngrok.yml err=nil
t=2024-09-12T18:10:58+0200 lvl=info msg="starting web service" obj=web addr=127.0.0.1:4040 allow_hosts=[]
t=2024-09-12T18:10:58+0200 lvl=info msg="client session established" obj=tunnels.session
t=2024-09-12T18:10:58+0200 lvl=info msg="tunnel session started" obj=tunnels.session
t=2024-09-12T18:10:58+0200 lvl=info msg="started tunnel" obj=tunnels name=command_line addr=http://localhost:8080 url=https://d62e-93-2-82-77.ngrok-free.app
t=2024-09-12T18:10:59+0200 lvl=info msg="update available" obj=updater
t=2024-09-12T18:12:42+0200 lvl=info msg="no configuration paths supplied"
t=2024-09-12T18:12:42+0200 lvl=info msg="using configuration at default config path" path=C:\\Users\\User\\AppData\\Local/ngrok/ngrok.yml
t=2024-09-12T18:12:42+0200 lvl=info msg="open config file" path=C:\\Users\\User\\AppData\\Local\\ngrok\\ngrok.yml err=nil
t=2024-09-12T18:12:42+0200 lvl=warn msg="can't bind default web address, trying alternatives" obj=web addr=127.0.0.1:4040
t=2024-09-12T18:12:42+0200 lvl=info msg="starting web service" obj=web addr=127.0.0.1:4041 allow_hosts=[]
t=2024-09-12T18:12:42+0200 lvl=eror msg="failed to reconnect session" obj=tunnels.session err="authentication failed: Your account is limited to 1 simultaneous ngrok agent sessions.\nYou can run multiple simultaneous tunnels from a single agent session by defining the tunnels in your agent configuration file and starting them with the command `ngrok start --all`.\nRead more about the agent configuration file: https://ngrok.com/docs/secure-tunnels/ngrok-agent/reference/config\nYou can view your current agent sessions in the dashboard:\nhttps://dashboard.ngrok.com/tunnels/agents\r\n\r\nERR_NGROK_108\r\n"
t=2024-09-12T18:12:42+0200 lvl=eror msg="session closing" obj=tunnels.session err="authentication failed: Your account is limited to 1 simultaneous ngrok agent sessions.\nYou can run multiple simultaneous tunnels from a single agent session by defining the tunnels in your agent configuration file and starting them with the command `ngrok start --all`.\nRead more about the agent configuration file: https://ngrok.com/docs/secure-tunnels/ngrok-agent/reference/config\nYou can view your current agent sessions in the dashboard:\nhttps://dashboard.ngrok.com/tunnels/agents\r\n\r\nERR_NGROK_108\r\n"
t=2024-09-12T18:12:42+0200 lvl=info msg="received stop request" obj=app stopReq="{err:{Remote:true Inner:{Inner:0xc000804320}} restart:false}"
t=2024-09-12T18:12:42+0200 lvl=eror msg="terminating with error" obj=app err="authentication failed: Your account is limited to 1 simultaneous ngrok agent sessions.\nYou can run multiple simultaneous tunnels from a single agent session by defining the tunnels in your agent configuration file and starting them with the command `ngrok start --all`.\nRead more about the agent configuration file: https://ngrok.com/docs/secure-tunnels/ngrok-agent/reference/config\nYou can view your current agent sessions in the dashboard:\nhttps://dashboard.ngrok.com/tunnels/agents\r\n\r\nERR_NGROK_108\r\n"
t=2024-09-12T18:12:42+0200 lvl=warn msg="failed to check for update" obj=updater err="Post \"https://update.equinox.io/check\": context canceled"
t=2024-09-12T18:12:42+0200 lvl=crit msg="command failed" err="authentication failed: Your account is limited to 1 simultaneous ngrok agent sessions.\nYou can run multiple simultaneous tunnels from a single agent session by defining the tunnels in your agent configuration file and starting them with the command `ngrok start --all`.\nRead more about the agent configuration file: https://ngrok.com/docs/secure-tunnels/ngrok-agent/reference/config\nYou can view your current agent sessions in the dashboard:\nhttps://dashboard.ngrok.com/tunnels/agents\r\n\r\nERR_NGROK_108\r\n"
t=2024-09-12T18:12:42+0200 lvl=info msg="no more state changes" obj=tunnels.session
t=2024-09-12T18:14:46+0200 lvl=info msg="no configuration paths supplied"
t=2024-09-12T18:14:46+0200 lvl=info msg="using configuration at default config path" path=C:\\Users\\User\\AppData\\Local/ngrok/ngrok.yml
t=2024-09-12T18:14:46+0200 lvl=info msg="open config file" path=C:\\Users\\User\\AppData\\Local\\ngrok\\ngrok.yml err=nil
t=2024-09-12T18:14:46+0200 lvl=info msg="starting web service" obj=web addr=127.0.0.1:4040 allow_hosts=[]
t=2024-09-12T18:14:46+0200 lvl=info msg="client session established" obj=tunnels.session
t=2024-09-12T18:14:46+0200 lvl=info msg="tunnel session started" obj=tunnels.session
t=2024-09-12T18:14:46+0200 lvl=info msg="update available" obj=updater
t=2024-09-12T18:14:46+0200 lvl=info msg="started tunnel" obj=tunnels name=command_line addr=http://localhost:8080 url=https://9d64-93-2-82-77.ngrok-free.app
